<?xml version="1.0" encoding="UTF-8"?>
<!-- Generated by org.testng.reporters.JUnitReportReporter -->
<testsuite hostname="PraveenSM-LP172" failures="0" tests="3" name="testExecute.Runner" time="26.029" errors="0" timestamp="2025-01-07T18:38:35 IST" skipped="1">
  <testcase classname="testExecute.Runner" name="testGoogle" time="14.056"/>
  <system-out/>
  <testcase classname="testExecute.Runner" name="testGmail" time="11.973"/>
  <system-out/>
  <testcase classname="testExecute.Runner" name="test">
    <skipped/>
  </testcase> <!-- test -->
  <system-out/>
</testsuite> <!-- testExecute.Runner -->
